(0000) 3000  0011000000000000 (   1)                 .ORIG x3000
(3000) 5020  0101000000100000 (   2)                 AND   R0 R0 #0
(3001) 4802  0100100000000010 (   3)                 JSR   PROMPT_USER_INPUT
(3002) F025  1111000000100101 (   4)                 TRAP  x25
(3003) F025  1111000000100101 (   6) PANIC           TRAP  x25
(3004) 3E74  0011111001110100 (   9) PROMPT_USER_INPUT ST    R7 TEMP1
(3005) 4844  0100100001000100 (  10)                 JSR   SAVE_REG
(3006) 5260  0101001001100000 (  11)                 AND   R1 R1 #0
(3007) 54A0  0101010010100000 (  13) PUI_LOOP        AND   R2 R2 #0
(3008) 14B8  0001010010111000 (  14)                 ADD   R2 R2 #-8
(3009) 1442  0001010001000010 (  15)                 ADD   R2 R1 R2
(300A) 040C  0000010000001100 (  16)                 BRZ   BREAK_PUI_LOOP
(300B) E06E  1110000001101110 (  17)                 LEA   R0 PROMPT
(300C) F022  1111000000100010 (  18)                 TRAP  x22
(300D) 483C  0100100000111100 (  19)                 JSR   SAVE_REG
(300E) 480B  0100100000001011 (  20)                 JSR   GET_USER_INPUT
(300F) 484A  0100100001001010 (  21)                 JSR   LOAD_REG
(3010) 2063  0010000001100011 (  22)                 LD    R0 INT_ARR
(3011) 1001  0001000000000001 (  23)                 ADD   R0 R0 R1
(3012) 245D  0010010001011101 (  24)                 LD    R2 PARSED_RESULT
(3013) 6480  0110010010000000 (  25)                 LDR   R2 R2 #0
(3014) 7400  0111010000000000 (  26)                 STR   R2 R0 #0
(3015) 1261  0001001001100001 (  27)                 ADD   R1 R1 #1
(3016) 0FF0  0000111111110000 (  28)                 BRNZP PUI_LOOP
(3017) 4842  0100100001000010 (  30) BREAK_PUI_LOOP  JSR   LOAD_REG
(3018) 2E60  0010111001100000 (  31)                 LD    R7 TEMP1
(3019) C1C0  1100000111000000 (  32)                 RET   
(301A) 3E5D  0011111001011101 (  35) GET_USER_INPUT  ST    R7 TEMP
(301B) 482E  0100100000101110 (  36)                 JSR   SAVE_REG
(301C) 5260  0101001001100000 (  37)                 AND   R1 R1 #0
(301D) 54A0  0101010010100000 (  39) GUI_LOOP        AND   R2 R2 #0
(301E) F020  1111000000100000 (  40)                 TRAP  x20
(301F) F021  1111000000100001 (  41)                 TRAP  x21
(3020) 1436  0001010000110110 (  42)                 ADD   R2 R0 #-10
(3021) 0416  0000010000010110 (  43)                 BRZ   BREAK_GUI_LOOP
(3022) 54A0  0101010010100000 (  44)                 AND   R2 R2 #0
(3023) 1480  0001010010000000 (  45)                 ADD   R2 R2 R0
(3024) 14B0  0001010010110000 (  46)                 ADD   R2 R2 #-16
(3025) 14B0  0001010010110000 (  47)                 ADD   R2 R2 #-16
(3026) 14B0  0001010010110000 (  48)                 ADD   R2 R2 #-16
(3027) 09DB  0000100111011011 (  49)                 BRN   PANIC
(3028) 14B7  0001010010110111 (  50)                 ADD   R2 R2 #-9
(3029) 03D9  0000001111011001 (  51)                 BRP   PANIC
(302A) 14A9  0001010010101001 (  52)                 ADD   R2 R2 #9
(302B) 2645  0010011001000101 (  53)                 LD    R3 MULT_X
(302C) 2845  0010100001000101 (  54)                 LD    R4 MULT_Y
(302D) 5B60  0101101101100000 (  55)                 AND   R5 R5 #0
(302E) 1B6A  0001101101101010 (  56)                 ADD   R5 R5 #10
(302F) 72C0  0111001011000000 (  57)                 STR   R1 R3 #0
(3030) 7B00  0111101100000000 (  58)                 STR   R5 R4 #0
(3031) 4818  0100100000011000 (  59)                 JSR   SAVE_REG
(3032) 480A  0100100000001010 (  60)                 JSR   MULT
(3033) 4826  0100100000100110 (  61)                 JSR   LOAD_REG
(3034) 263E  0010011000111110 (  62)                 LD    R3 MULT_R
(3035) 66C0  0110011011000000 (  63)                 LDR   R3 R3 #0
(3036) 12C2  0001001011000010 (  64)                 ADD   R1 R3 R2
(3037) 0FE5  0000111111100101 (  65)                 BRNZP GUI_LOOP
(3038) 2437  0010010000110111 (  67) BREAK_GUI_LOOP  LD    R2 PARSED_RESULT
(3039) 7280  0111001010000000 (  68)                 STR   R1 R2 #0
(303A) 481F  0100100000011111 (  69)                 JSR   LOAD_REG
(303B) 2E3C  0010111000111100 (  70)                 LD    R7 TEMP
(303C) C1C0  1100000111000000 (  71)                 RET   
(303D) 2033  0010000000110011 (  73) MULT            LD    R0 MULT_X
(303E) 6000  0110000000000000 (  74)                 LDR   R0 R0 #0
(303F) 2232  0010001000110010 (  75)                 LD    R1 MULT_Y
(3040) 6240  0110001001000000 (  76)                 LDR   R1 R1 #0
(3041) 54A0  0101010010100000 (  77)                 AND   R2 R2 #0
(3042) 1260  0001001001100000 (  79) MULT_LOOP       ADD   R1 R1 #0
(3043) 0C03  0000110000000011 (  80)                 BRNZ  MULT_BREAK
(3044) 1480  0001010010000000 (  82)                 ADD   R2 R2 R0
(3045) 127F  0001001001111111 (  84)                 ADD   R1 R1 #-1
(3046) 0FFB  0000111111111011 (  85)                 BRNZP MULT_LOOP
(3047) 202B  0010000000101011 (  87) MULT_BREAK      LD    R0 MULT_R
(3048) 7400  0111010000000000 (  88)                 STR   R2 R0 #0
(3049) C1C0  1100000111000000 (  89)                 RET   
(304A) 3E2A  0011111000101010 (  91) SAVE_REG        ST    R7 REG_TEMP
(304B) 2E2A  0010111000101010 (  92)                 LD    R7 REG_STACK
(304C) 71C0  0111000111000000 (  93)                 STR   R0 R7 #0
(304D) 73C1  0111001111000001 (  94)                 STR   R1 R7 #1
(304E) 75C2  0111010111000010 (  95)                 STR   R2 R7 #2
(304F) 77C3  0111011111000011 (  96)                 STR   R3 R7 #3
(3050) 79C4  0111100111000100 (  97)                 STR   R4 R7 #4
(3051) 7BC5  0111101111000101 (  98)                 STR   R5 R7 #5
(3052) 7DC6  0111110111000110 (  99)                 STR   R6 R7 #6
(3053) 1FE7  0001111111100111 ( 100)                 ADD   R7 R7 #7
(3054) 2020  0010000000100000 ( 101)                 LD    R0 REG_TEMP
(3055) 71C0  0111000111000000 ( 102)                 STR   R0 R7 #0
(3056) 1FE1  0001111111100001 ( 103)                 ADD   R7 R7 #1
(3057) 3E1E  0011111000011110 ( 104)                 ST    R7 REG_STACK
(3058) 2E1C  0010111000011100 ( 105)                 LD    R7 REG_TEMP
(3059) C1C0  1100000111000000 ( 106)                 RET   
(305A) 3E1A  0011111000011010 ( 108) LOAD_REG        ST    R7 REG_TEMP
(305B) 2E1A  0010111000011010 ( 109)                 LD    R7 REG_STACK
(305C) 201A  0010000000011010 ( 110)                 LD    R0 EMPTY
(305D) 903F  1001000000111111 ( 111)                 NOT   R0 R0
(305E) 1021  0001000000100001 ( 112)                 ADD   R0 R0 #1
(305F) 63C0  0110001111000000 ( 113)                 LDR   R1 R7 #0
(3060) 1240  0001001001000000 ( 114)                 ADD   R1 R1 R0
(3061) 040C  0000010000001100 ( 115)                 BRZ   LR_BREAK
(3062) 61F8  0110000111111000 ( 116)                 LDR   R0 R7 #-8
(3063) 63F9  0110001111111001 ( 117)                 LDR   R1 R7 #-7
(3064) 65FA  0110010111111010 ( 118)                 LDR   R2 R7 #-6
(3065) 67FB  0110011111111011 ( 119)                 LDR   R3 R7 #-5
(3066) 69FC  0110100111111100 ( 120)                 LDR   R4 R7 #-4
(3067) 6BFD  0110101111111101 ( 121)                 LDR   R5 R7 #-3
(3068) 6DFE  0110110111111110 ( 122)                 LDR   R6 R7 #-2
(3069) 220D  0010001000001101 ( 124)                 LD    R1 EMPTY
(306A) 73FF  0111001111111111 ( 125)                 STR   R1 R7 #-1
(306B) 63F9  0110001111111001 ( 127)                 LDR   R1 R7 #-7
(306C) 1FF8  0001111111111000 ( 128)                 ADD   R7 R7 #-8
(306D) 3E08  0011111000001000 ( 129)                 ST    R7 REG_STACK
(306E) 2E06  0010111000000110 ( 131) LR_BREAK        LD    R7 REG_TEMP
(306F) C1C0  1100000111000000 ( 132)                 RET   
(3070) 3100  0011000100000000 ( 134) PARSED_RESULT   .FILL x3100
(3071) 3101  0011000100000001 ( 136) MULT_X          .FILL x3101
(3072) 3102  0011000100000010 ( 137) MULT_Y          .FILL x3102
(3073) 3103  0011000100000011 ( 138) MULT_R          .FILL x3103
(3074) 3104  0011000100000100 ( 140) INT_ARR         .FILL x3104
(3075) 310C  0011000100001100 ( 142) REG_TEMP        .FILL x310C
(3076) 310D  0011000100001101 ( 143) REG_STACK       .FILL x310D
(3077) C000  1100000000000000 ( 145) EMPTY           .FILL xC000
(3078) 0000  0000000000000000 ( 146) TEMP            .FILL x0000
(3079) 0000  0000000000000000 ( 147) TEMP1           .FILL x0000
(307A) 0045  0000000001000101 ( 148) PROMPT          .FILL x0045
(307B) 006E  0000000001101110 ( 148)                 .FILL x006E
(307C) 0074  0000000001110100 ( 148)                 .FILL x0074
(307D) 0065  0000000001100101 ( 148)                 .FILL x0065
(307E) 0072  0000000001110010 ( 148)                 .FILL x0072
(307F) 0020  0000000000100000 ( 148)                 .FILL x0020
(3080) 0061  0000000001100001 ( 148)                 .FILL x0061
(3081) 0020  0000000000100000 ( 148)                 .FILL x0020
(3082) 006E  0000000001101110 ( 148)                 .FILL x006E
(3083) 0075  0000000001110101 ( 148)                 .FILL x0075
(3084) 006D  0000000001101101 ( 148)                 .FILL x006D
(3085) 0062  0000000001100010 ( 148)                 .FILL x0062
(3086) 0065  0000000001100101 ( 148)                 .FILL x0065
(3087) 0072  0000000001110010 ( 148)                 .FILL x0072
(3088) 0020  0000000000100000 ( 148)                 .FILL x0020
(3089) 0077  0000000001110111 ( 148)                 .FILL x0077
(308A) 0069  0000000001101001 ( 148)                 .FILL x0069
(308B) 0074  0000000001110100 ( 148)                 .FILL x0074
(308C) 0068  0000000001101000 ( 148)                 .FILL x0068
(308D) 0069  0000000001101001 ( 148)                 .FILL x0069
(308E) 006E  0000000001101110 ( 148)                 .FILL x006E
(308F) 0020  0000000000100000 ( 148)                 .FILL x0020
(3090) 0030  0000000000110000 ( 148)                 .FILL x0030
(3091) 0020  0000000000100000 ( 148)                 .FILL x0020
(3092) 0061  0000000001100001 ( 148)                 .FILL x0061
(3093) 006E  0000000001101110 ( 148)                 .FILL x006E
(3094) 0064  0000000001100100 ( 148)                 .FILL x0064
(3095) 0020  0000000000100000 ( 148)                 .FILL x0020
(3096) 0031  0000000000110001 ( 148)                 .FILL x0031
(3097) 0030  0000000000110000 ( 148)                 .FILL x0030
(3098) 0030  0000000000110000 ( 148)                 .FILL x0030
(3099) 003A  0000000000111010 ( 148)                 .FILL x003A
(309A) 0020  0000000000100000 ( 148)                 .FILL x0020
(309B) 0000  0000000000000000 ( 148)                 .FILL x0000
